# Logfile created on Thu Feb 28 14:01:09 -0600 2008 by /
LocalIndex: ensure_index_exists at /Users/bryanray/Projects/Tempo/index/test/content
rebuild index: [Content(id: integer, status_id: integer, user_id: integer, title: string, keywords: string, text: text, owner_id: integer, owner_type: string, allow_comments: boolean, is_think_box: boolean, created_at: datetime, updated_at: datetime, version: integer, published: boolean, published_at: datetime)]
reindexing model Content
reindex model Content : 0.00% complete : 0.38 secs to finish
LocalIndex: ensure_index_exists at /Users/bryanray/Projects/Tempo/index/test/content
LocalIndex: ensure_index_exists at /Users/bryanray/Projects/Tempo/index/test/content
LocalIndex: ensure_index_exists at /Users/bryanray/Projects/Tempo/index/test/content
LocalIndex: ensure_index_exists at /Users/bryanray/Projects/Tempo/index/test/content
LocalIndex: ensure_index_exists at /Users/bryanray/Projects/Tempo/index/test/content
LocalIndex: ensure_index_exists at /Users/bryanray/Projects/Tempo/index/test/content
LocalIndex: ensure_index_exists at /Users/bryanray/Projects/Tempo/index/test/content
LocalIndex: ensure_index_exists at /Users/bryanray/Projects/Tempo/index/test/content
LocalIndex: ensure_index_exists at /Users/bryanray/Projects/Tempo/index/test/content
LocalIndex: ensure_index_exists at /Users/bryanray/Projects/Tempo/index/test/content
LocalIndex: ensure_index_exists at /Users/bryanray/Projects/Tempo/index/test/content
LocalIndex: ensure_index_exists at /Users/bryanray/Projects/Tempo/index/test/content
LocalIndex: ensure_index_exists at /Users/bryanray/Projects/Tempo/index/test/content
LocalIndex: ensure_index_exists at /Users/bryanray/Projects/Tempo/index/test/content
LocalIndex: ensure_index_exists at /Users/bryanray/Projects/Tempo/index/test/content
LocalIndex: ensure_index_exists at /Users/bryanray/Projects/Tempo/index/test/content
LocalIndex: ensure_index_exists at /Users/bryanray/Projects/Tempo/index/test/content
LocalIndex: ensure_index_exists at /Users/bryanray/Projects/Tempo/index/test/content
LocalIndex: ensure_index_exists at /Users/bryanray/Projects/Tempo/index/test/content
LocalIndex: ensure_index_exists at /Users/bryanray/Projects/Tempo/index/test/content
LocalIndex: ensure_index_exists at /Users/bryanray/Projects/Tempo/index/test/content
LocalIndex: ensure_index_exists at /Users/bryanray/Projects/Tempo/index/test/content
LocalIndex: ensure_index_exists at /Users/bryanray/Projects/Tempo/index/test/content
LocalIndex: ensure_index_exists at /Users/bryanray/Projects/Tempo/index/test/content
LocalIndex: ensure_index_exists at /Users/bryanray/Projects/Tempo/index/test/content
LocalIndex: ensure_index_exists at /Users/bryanray/Projects/Tempo/index/test/content
LocalIndex: ensure_index_exists at /Users/bryanray/Projects/Tempo/index/test/content
LocalIndex: ensure_index_exists at /Users/bryanray/Projects/Tempo/index/test/content
LocalIndex: ensure_index_exists at /Users/bryanray/Projects/Tempo/index/test/content
LocalIndex: ensure_index_exists at /Users/bryanray/Projects/Tempo/index/test/content
LocalIndex: ensure_index_exists at /Users/bryanray/Projects/Tempo/index/test/content
LocalIndex: ensure_index_exists at /Users/bryanray/Projects/Tempo/index/test/content
LocalIndex: ensure_index_exists at /Users/bryanray/Projects/Tempo/index/test/content
LocalIndex: ensure_index_exists at /Users/bryanray/Projects/Tempo/index/test/content
LocalIndex: ensure_index_exists at /Users/bryanray/Projects/Tempo/index/test/content
LocalIndex: ensure_index_exists at /Users/bryanray/Projects/Tempo/index/test/content
LocalIndex: ensure_index_exists at /Users/bryanray/Projects/Tempo/index/test/content
LocalIndex: ensure_index_exists at /Users/bryanray/Projects/Tempo/index/test/content
LocalIndex: ensure_index_exists at /Users/bryanray/Projects/Tempo/index/test/content
LocalIndex: ensure_index_exists at /Users/bryanray/Projects/Tempo/index/test/content
LocalIndex: ensure_index_exists at /Users/bryanray/Projects/Tempo/index/test/content
LocalIndex: ensure_index_exists at /Users/bryanray/Projects/Tempo/index/test/content
LocalIndex: ensure_index_exists at /Users/bryanray/Projects/Tempo/index/test/content
LocalIndex: ensure_index_exists at /Users/bryanray/Projects/Tempo/index/test/content
LocalIndex: ensure_index_exists at /Users/bryanray/Projects/Tempo/index/test/content
LocalIndex: ensure_index_exists at /Users/bryanray/Projects/Tempo/index/test/content
LocalIndex: ensure_index_exists at /Users/bryanray/Projects/Tempo/index/test/content
LocalIndex: ensure_index_exists at /Users/bryanray/Projects/Tempo/index/test/content
LocalIndex: ensure_index_exists at /Users/bryanray/Projects/Tempo/index/test/content
LocalIndex: ensure_index_exists at /Users/bryanray/Projects/Tempo/index/test/content
LocalIndex: ensure_index_exists at /Users/bryanray/Projects/Tempo/index/test/content
LocalIndex: ensure_index_exists at /Users/bryanray/Projects/Tempo/index/test/content
LocalIndex: ensure_index_exists at /Users/bryanray/Projects/Tempo/index/test/content
LocalIndex: ensure_index_exists at /Users/bryanray/Projects/Tempo/index/test/content
LocalIndex: ensure_index_exists at /Users/bryanray/Projects/Tempo/index/test/content
LocalIndex: ensure_index_exists at /Users/bryanray/Projects/Tempo/index/test/content
LocalIndex: ensure_index_exists at /Users/bryanray/Projects/Tempo/index/test/content
LocalIndex: ensure_index_exists at /Users/bryanray/Projects/Tempo/index/test/content
LocalIndex: ensure_index_exists at /Users/bryanray/Projects/Tempo/index/test/content
LocalIndex: ensure_index_exists at /Users/bryanray/Projects/Tempo/index/test/content
LocalIndex: ensure_index_exists at /Users/bryanray/Projects/Tempo/index/test/content
LocalIndex: ensure_index_exists at /Users/bryanray/Projects/Tempo/index/test/content
LocalIndex: ensure_index_exists at /Users/bryanray/Projects/Tempo/index/test/content
LocalIndex: ensure_index_exists at /Users/bryanray/Projects/Tempo/index/test/content
LocalIndex: ensure_index_exists at /Users/bryanray/Projects/Tempo/index/test/content
LocalIndex: ensure_index_exists at /Users/bryanray/Projects/Tempo/index/test/content
LocalIndex: ensure_index_exists at /Users/bryanray/Projects/Tempo/index/test/content
LocalIndex: ensure_index_exists at /Users/bryanray/Projects/Tempo/index/test/content
LocalIndex: ensure_index_exists at /Users/bryanray/Projects/Tempo/index/test/content
LocalIndex: ensure_index_exists at /Users/bryanray/Projects/Tempo/index/test/content
LocalIndex: ensure_index_exists at /Users/bryanray/Projects/Tempo/index/test/content
